<?xml version="1.0" encoding="UTF-8"?>
<!-- Generated by org.testng.reporters.JUnitReportReporter -->
<testsuite skipped="0" hostname="DESKTOP-DELL" name="com.testmethods.ReadExcelMethodsClass" tests="1" failures="0" timestamp="08 May 2021 14:40:06 GMT" time="0.107" errors="0">
  <testcase name="Test_B" time="0.107" classname="com.testmethods.ReadExcelMethodsClass"/>
</testsuite> <!-- com.testmethods.ReadExcelMethodsClass -->
